C51 COMPILER V9.60.7.0   LEDBLINK                                                          08/21/2025 07:58:23 PAGE 1   


C51 COMPILER V9.60.7.0, COMPILATION OF MODULE LEDBLINK
OBJECT MODULE PLACED IN .\Objects\ledblink.obj
COMPILER INVOKED BY: C:\Keil_v5\C51\BIN\C51.EXE ledblink.c OPTIMIZE(8,SPEED) BROWSE DEBUG OBJECTEXTEND PRINT(.\Listings\
                    -ledblink.lst) TABS(2) OBJECT(.\Objects\ledblink.obj)

line level    source

   1          #include<reg51.h>
   2          sbit led= P2^0;
   3          void delay(unsigned int ms)
   4          {
   5   1        unsigned int i,j;
   6   1        for(i=0;i<ms;i++)
   7   1        {
   8   2          for(j=0;j<1275;j++);
   9   2        }
  10   1      }
  11          void main()
  12          {
  13   1        while(1)
  14   1        {
  15   2          led=0;
  16   2          delay(500);
  17   2          led=1;
  18   2          delay(500);
  19   2        }
  20   1      }


MODULE INFORMATION:   STATIC OVERLAYABLE
   CODE SIZE        =     48    ----
   CONSTANT SIZE    =   ----    ----
   XDATA SIZE       =   ----    ----
   PDATA SIZE       =   ----    ----
   DATA SIZE        =   ----    ----
   IDATA SIZE       =   ----    ----
   BIT SIZE         =   ----    ----
END OF MODULE INFORMATION.


C51 COMPILATION COMPLETE.  0 WARNING(S),  0 ERROR(S)
